  renderer.cpp
C:\Users\Júlia Coll\OneDrive\Documentos\Uni\4t\GTR\GTR-David\GTR_Framework\src\extra\cJSON.h(104,1): warning C4099: 'cJSON': nombre de tipo visto anteriormente usando 'class' ahora se ve usando 'struct'
C:\Users\Júlia Coll\OneDrive\Documentos\Uni\4t\GTR\GTR-David\GTR_Framework\src\extra\cJSON.h(103,16): message : vea la declaración de 'cJSON'
C:\Users\Júlia Coll\OneDrive\Documentos\Uni\4t\GTR\GTR-David\GTR_Framework\src\pipeline\renderer.cpp(44,10): warning C4305: '=': truncamiento de 'double' a 'float'
C:\Users\Júlia Coll\OneDrive\Documentos\Uni\4t\GTR\GTR-David\GTR_Framework\src\pipeline\renderer.cpp(80,40): warning C4244: 'argumento': conversión de 'T' a 'int'; posible pérdida de datos
          with
          [
              T=float
          ]
C:\Users\Júlia Coll\OneDrive\Documentos\Uni\4t\GTR\GTR-David\GTR_Framework\src\pipeline\renderer.cpp(80,32): warning C4244: 'argumento': conversión de 'T' a 'int'; posible pérdida de datos
          with
          [
              T=float
          ]
C:\Users\Júlia Coll\OneDrive\Documentos\Uni\4t\GTR\GTR-David\GTR_Framework\src\pipeline\renderer.cpp(92,20): warning C4018: '<': no coinciden signed/unsigned
C:\Users\Júlia Coll\OneDrive\Documentos\Uni\4t\GTR\GTR-David\GTR_Framework\src\pipeline\renderer.cpp(117,22): warning C4018: '<': no coinciden signed/unsigned
C:\Users\Júlia Coll\OneDrive\Documentos\Uni\4t\GTR\GTR-David\GTR_Framework\src\pipeline\renderer.cpp(136,22): warning C4018: '<': no coinciden signed/unsigned
C:\Users\Júlia Coll\OneDrive\Documentos\Uni\4t\GTR\GTR-David\GTR_Framework\src\pipeline\renderer.cpp(155,22): warning C4018: '<': no coinciden signed/unsigned
C:\Users\Júlia Coll\OneDrive\Documentos\Uni\4t\GTR\GTR-David\GTR_Framework\src\pipeline\renderer.cpp(360,20): warning C4018: '<': no coinciden signed/unsigned
C:\Users\Júlia Coll\OneDrive\Documentos\Uni\4t\GTR\GTR-David\GTR_Framework\src\pipeline\renderer.cpp(417,10): warning C4244: 'inicializando': conversión de 'long' a 'float'; posible pérdida de datos
C:\Users\Júlia Coll\OneDrive\Documentos\Uni\4t\GTR\GTR-David\GTR_Framework\src\pipeline\renderer.cpp(558,10): warning C4244: 'inicializando': conversión de 'long' a 'float'; posible pérdida de datos
C:\Users\Júlia Coll\OneDrive\Documentos\Uni\4t\GTR\GTR-David\GTR_Framework\src\pipeline\renderer.cpp(612,20): warning C4018: '<': no coinciden signed/unsigned
C:\Users\Júlia Coll\OneDrive\Documentos\Uni\4t\GTR\GTR-David\GTR_Framework\src\pipeline\renderer.cpp(647,20): warning C4018: '<': no coinciden signed/unsigned
C:\Users\Júlia Coll\OneDrive\Documentos\Uni\4t\GTR\GTR-David\GTR_Framework\src\pipeline\renderer.cpp(661,25): warning C4244: 'argumento': conversión de 'int' a 'T'; posible pérdida de datos
          with
          [
              T=float
          ]
C:\Users\Júlia Coll\OneDrive\Documentos\Uni\4t\GTR\GTR-David\GTR_Framework\src\pipeline\renderer.cpp(667,65): warning C4244: 'argumento': conversión de 'double' a 'T'; posible pérdida de datos
          with
          [
              T=float
          ]
C:\Users\Júlia Coll\OneDrive\Documentos\Uni\4t\GTR\GTR-David\GTR_Framework\src\pipeline\renderer.cpp(667,30): warning C4244: 'argumento': conversión de 'double' a 'T'; posible pérdida de datos
          with
          [
              T=float
          ]
C:\Users\Júlia Coll\OneDrive\Documentos\Uni\4t\GTR\GTR-David\GTR_Framework\src\pipeline\renderer.cpp(670,63): warning C4244: 'argumento': conversión de 'int' a 'T'; posible pérdida de datos
          with
          [
              T=float
          ]
C:\Users\Júlia Coll\OneDrive\Documentos\Uni\4t\GTR\GTR-David\GTR_Framework\src\pipeline\renderer.cpp(694,20): warning C4018: '<': no coinciden signed/unsigned
C:\Users\Júlia Coll\OneDrive\Documentos\Uni\4t\GTR\GTR-David\GTR_Framework\src\pipeline\renderer.cpp(743,10): warning C4244: 'inicializando': conversión de 'long' a 'float'; posible pérdida de datos
C:\Users\Júlia Coll\OneDrive\Documentos\Uni\4t\GTR\GTR-David\GTR_Framework\src\pipeline\renderer.cpp(793,54): warning C4244: 'argumento': conversión de 'double' a 'T'; posible pérdida de datos
          with
          [
              T=float
          ]
C:\Users\Júlia Coll\OneDrive\Documentos\Uni\4t\GTR\GTR-David\GTR_Framework\src\pipeline\renderer.cpp(793,40): warning C4244: 'argumento': conversión de 'double' a 'T'; posible pérdida de datos
          with
          [
              T=float
          ]
C:\Users\Júlia Coll\OneDrive\Documentos\Uni\4t\GTR\GTR-David\GTR_Framework\src\pipeline\renderer.cpp(810,54): warning C4244: 'argumento': conversión de 'double' a 'T'; posible pérdida de datos
          with
          [
              T=float
          ]
C:\Users\Júlia Coll\OneDrive\Documentos\Uni\4t\GTR\GTR-David\GTR_Framework\src\pipeline\renderer.cpp(810,40): warning C4244: 'argumento': conversión de 'double' a 'T'; posible pérdida de datos
          with
          [
              T=float
          ]
C:\Users\Júlia Coll\OneDrive\Documentos\Uni\4t\GTR\GTR-David\GTR_Framework\src\pipeline\renderer.cpp(837,54): warning C4244: 'argumento': conversión de 'double' a 'T'; posible pérdida de datos
          with
          [
              T=float
          ]
C:\Users\Júlia Coll\OneDrive\Documentos\Uni\4t\GTR\GTR-David\GTR_Framework\src\pipeline\renderer.cpp(837,40): warning C4244: 'argumento': conversión de 'double' a 'T'; posible pérdida de datos
          with
          [
              T=float
          ]
C:\Users\Júlia Coll\OneDrive\Documentos\Uni\4t\GTR\GTR-David\GTR_Framework\src\pipeline\renderer.cpp(865,54): warning C4244: 'argumento': conversión de 'double' a 'T'; posible pérdida de datos
          with
          [
              T=float
          ]
C:\Users\Júlia Coll\OneDrive\Documentos\Uni\4t\GTR\GTR-David\GTR_Framework\src\pipeline\renderer.cpp(865,40): warning C4244: 'argumento': conversión de 'double' a 'T'; posible pérdida de datos
          with
          [
              T=float
          ]
C:\Users\Júlia Coll\OneDrive\Documentos\Uni\4t\GTR\GTR-David\GTR_Framework\src\pipeline\renderer.cpp(905,36): warning C4244: 'argumento': conversión de 'T' a 'int'; posible pérdida de datos
          with
          [
              T=float
          ]
C:\Users\Júlia Coll\OneDrive\Documentos\Uni\4t\GTR\GTR-David\GTR_Framework\src\pipeline\renderer.cpp(905,28): warning C4244: 'argumento': conversión de 'T' a 'int'; posible pérdida de datos
          with
          [
              T=float
          ]
C:\Users\Júlia Coll\OneDrive\Documentos\Uni\4t\GTR\GTR-David\GTR_Framework\src\pipeline\renderer.cpp(912,32): warning C4244: 'argumento': conversión de 'T' a 'int'; posible pérdida de datos
          with
          [
              T=float
          ]
C:\Users\Júlia Coll\OneDrive\Documentos\Uni\4t\GTR\GTR-David\GTR_Framework\src\pipeline\renderer.cpp(912,24): warning C4244: 'argumento': conversión de 'T' a 'int'; posible pérdida de datos
          with
          [
              T=float
          ]
C:\Users\Júlia Coll\OneDrive\Documentos\Uni\4t\GTR\GTR-David\GTR_Framework\src\pipeline\renderer.cpp(928,82): warning C4244: 'argumento': conversión de 'double' a 'T'; posible pérdida de datos
          with
          [
              T=float
          ]
C:\Users\Júlia Coll\OneDrive\Documentos\Uni\4t\GTR\GTR-David\GTR_Framework\src\pipeline\renderer.cpp(928,40): warning C4244: 'argumento': conversión de 'double' a 'T'; posible pérdida de datos
          with
          [
              T=float
          ]
C:\Users\Júlia Coll\OneDrive\Documentos\Uni\4t\GTR\GTR-David\GTR_Framework\src\pipeline\renderer.cpp(969,52): warning C4244: 'argumento': conversión de 'int' a 'T'; posible pérdida de datos
          with
          [
              T=float
          ]
C:\Users\Júlia Coll\OneDrive\Documentos\Uni\4t\GTR\GTR-David\GTR_Framework\src\pipeline\renderer.cpp(975,82): warning C4244: 'argumento': conversión de 'double' a 'T'; posible pérdida de datos
          with
          [
              T=float
          ]
C:\Users\Júlia Coll\OneDrive\Documentos\Uni\4t\GTR\GTR-David\GTR_Framework\src\pipeline\renderer.cpp(975,47): warning C4244: 'argumento': conversión de 'double' a 'T'; posible pérdida de datos
          with
          [
              T=float
          ]
C:\Users\Júlia Coll\OneDrive\Documentos\Uni\4t\GTR\GTR-David\GTR_Framework\src\pipeline\renderer.cpp(978,62): warning C4244: 'argumento': conversión de 'int' a 'T'; posible pérdida de datos
          with
          [
              T=float
          ]
C:\Users\Júlia Coll\OneDrive\Documentos\Uni\4t\GTR\GTR-David\GTR_Framework\src\pipeline\renderer.cpp(1022,20): warning C4018: '<': no coinciden signed/unsigned
C:\Users\Júlia Coll\OneDrive\Documentos\Uni\4t\GTR\GTR-David\GTR_Framework\src\pipeline\renderer.cpp(1063,28): warning C4305: 'argumento': truncamiento de 'double' a 'float'
C:\Users\Júlia Coll\OneDrive\Documentos\Uni\4t\GTR\GTR-David\GTR_Framework\src\pipeline\renderer.cpp(1261,66): warning C4244: 'argumento': conversión de 'T' a 'GLsizei'; posible pérdida de datos
          with
          [
              T=float
          ]
C:\Users\Júlia Coll\OneDrive\Documentos\Uni\4t\GTR\GTR-David\GTR_Framework\src\pipeline\renderer.cpp(1261,47): warning C4244: 'argumento': conversión de 'T' a 'GLsizei'; posible pérdida de datos
          with
          [
              T=float
          ]
C:\Users\Júlia Coll\OneDrive\Documentos\Uni\4t\GTR\GTR-David\GTR_Framework\src\pipeline\renderer.cpp(1261,29): warning C4244: 'argumento': conversión de 'T' a 'GLint'; posible pérdida de datos
          with
          [
              T=float
          ]
C:\Users\Júlia Coll\OneDrive\Documentos\Uni\4t\GTR\GTR-David\GTR_Framework\src\pipeline\renderer.cpp(1263,84): warning C4244: 'argumento': conversión de 'T' a 'GLsizei'; posible pérdida de datos
          with
          [
              T=float
          ]
C:\Users\Júlia Coll\OneDrive\Documentos\Uni\4t\GTR\GTR-David\GTR_Framework\src\pipeline\renderer.cpp(1263,65): warning C4244: 'argumento': conversión de 'T' a 'GLsizei'; posible pérdida de datos
          with
          [
              T=float
          ]
C:\Users\Júlia Coll\OneDrive\Documentos\Uni\4t\GTR\GTR-David\GTR_Framework\src\pipeline\renderer.cpp(1263,46): warning C4244: 'argumento': conversión de 'T' a 'GLint'; posible pérdida de datos
          with
          [
              T=float
          ]
C:\Users\Júlia Coll\OneDrive\Documentos\Uni\4t\GTR\GTR-David\GTR_Framework\src\pipeline\renderer.cpp(1263,27): warning C4244: 'argumento': conversión de 'T' a 'GLint'; posible pérdida de datos
          with
          [
              T=float
          ]
C:\Users\Júlia Coll\OneDrive\Documentos\Uni\4t\GTR\GTR-David\GTR_Framework\src\pipeline\renderer.cpp(1265,52): warning C4244: 'argumento': conversión de 'T' a 'GLsizei'; posible pérdida de datos
          with
          [
              T=float
          ]
C:\Users\Júlia Coll\OneDrive\Documentos\Uni\4t\GTR\GTR-David\GTR_Framework\src\pipeline\renderer.cpp(1265,33): warning C4244: 'argumento': conversión de 'T' a 'GLsizei'; posible pérdida de datos
          with
          [
              T=float
          ]
C:\Users\Júlia Coll\OneDrive\Documentos\Uni\4t\GTR\GTR-David\GTR_Framework\src\pipeline\renderer.cpp(1267,68): warning C4244: 'argumento': conversión de 'T' a 'GLsizei'; posible pérdida de datos
          with
          [
              T=float
          ]
C:\Users\Júlia Coll\OneDrive\Documentos\Uni\4t\GTR\GTR-David\GTR_Framework\src\pipeline\renderer.cpp(1267,49): warning C4244: 'argumento': conversión de 'T' a 'GLsizei'; posible pérdida de datos
          with
          [
              T=float
          ]
C:\Users\Júlia Coll\OneDrive\Documentos\Uni\4t\GTR\GTR-David\GTR_Framework\src\pipeline\renderer.cpp(1267,27): warning C4244: 'argumento': conversión de 'T' a 'GLint'; posible pérdida de datos
          with
          [
              T=float
          ]
C:\Users\Júlia Coll\OneDrive\Documentos\Uni\4t\GTR\GTR-David\GTR_Framework\src\pipeline\renderer.cpp(1273,45): warning C4244: 'argumento': conversión de 'T' a 'GLsizei'; posible pérdida de datos
          with
          [
              T=float
          ]
C:\Users\Júlia Coll\OneDrive\Documentos\Uni\4t\GTR\GTR-David\GTR_Framework\src\pipeline\renderer.cpp(1273,30): warning C4244: 'argumento': conversión de 'T' a 'GLsizei'; posible pérdida de datos
          with
          [
              T=float
          ]
C:\Users\Júlia Coll\OneDrive\Documentos\Uni\4t\GTR\GTR-David\GTR_Framework\src\pipeline\renderer.cpp(1305,20): warning C4018: '<': no coinciden signed/unsigned
C:\Users\Júlia Coll\OneDrive\Documentos\Uni\4t\GTR\GTR-David\GTR_Framework\src\pipeline\renderer.cpp(1338,20): warning C4018: '<': no coinciden signed/unsigned
C:\Users\Júlia Coll\OneDrive\Documentos\Uni\4t\GTR\GTR-David\GTR_Framework\src\pipeline\renderer.cpp(1348,21): warning C4018: '<': no coinciden signed/unsigned
C:\Users\Júlia Coll\OneDrive\Documentos\Uni\4t\GTR\GTR-David\GTR_Framework\src\pipeline\renderer.cpp(1358,21): warning C4018: '<': no coinciden signed/unsigned
C:\Users\Júlia Coll\OneDrive\Documentos\Uni\4t\GTR\GTR-David\GTR_Framework\src\pipeline\renderer.cpp(1365,21): warning C4018: '<': no coinciden signed/unsigned
C:\Users\Júlia Coll\OneDrive\Documentos\Uni\4t\GTR\GTR-David\GTR_Framework\src\pipeline\renderer.cpp(1375,21): warning C4018: '<': no coinciden signed/unsigned
C:\Users\Júlia Coll\OneDrive\Documentos\Uni\4t\GTR\GTR-David\GTR_Framework\src\pipeline\renderer.cpp(1382,21): warning C4018: '<': no coinciden signed/unsigned
C:\Users\Júlia Coll\OneDrive\Documentos\Uni\4t\GTR\GTR-David\GTR_Framework\src\pipeline\renderer.cpp(1430,70): warning C4305: 'argumento': truncamiento de 'double' a 'float'
C:\Users\Júlia Coll\OneDrive\Documentos\Uni\4t\GTR\GTR-David\GTR_Framework\src\pipeline\renderer.cpp(1464,15): warning C4244: 'inicializando': conversión de 'double' a 'float'; posible pérdida de datos
C:\Users\Júlia Coll\OneDrive\Documentos\Uni\4t\GTR\GTR-David\GTR_Framework\src\pipeline\renderer.cpp(1465,13): warning C4244: 'inicializando': conversión de 'double' a 'float'; posible pérdida de datos
C:\Users\Júlia Coll\OneDrive\Documentos\Uni\4t\GTR\GTR-David\GTR_Framework\src\pipeline\renderer.cpp(1466,11): warning C4244: 'inicializando': conversión de 'double' a 'float'; posible pérdida de datos
C:\Users\Júlia Coll\OneDrive\Documentos\Uni\4t\GTR\GTR-David\GTR_Framework\src\pipeline\renderer.cpp(1538,31): warning C4244: 'argumento': conversión de 'T' a 'GLsizei'; posible pérdida de datos
          with
          [
              T=float
          ]
C:\Users\Júlia Coll\OneDrive\Documentos\Uni\4t\GTR\GTR-David\GTR_Framework\src\pipeline\renderer.cpp(1538,23): warning C4244: 'argumento': conversión de 'T' a 'GLsizei'; posible pérdida de datos
          with
          [
              T=float
          ]
     Creando biblioteca ..\..\GTR.lib y objeto ..\..\GTR.exp
LINK : warning LNK4098: la biblioteca predeterminada'LIBCMT' entra en conflicto con otras bibliotecas; use la biblioteca /NODEFAULTLIB:biblioteca
  Generando código
  162 of 5980 functions ( 2.7%) were compiled, the rest were copied from previous compilation.
    2 functions were new in current compilation
    103 functions had inline decision re-evaluated but remain unchanged
  Generación de código finalizada
glew32s.lib(glew.obj) : warning LNK4099: no se encontró PDB '' con 'glew32s.lib(glew.obj)' o en ''; se vinculará el objeto sin tener en cuenta información de depuración
  visualstudio.vcxproj -> C:\Users\Júlia Coll\OneDrive\Documentos\Uni\4t\GTR\GTR-David\GTR_Framework\GTR.exe
